{"timestamp":"2026-04-21T13:02:08.100804Z","level":"warning","event":"Could not import pandas. Holidays will not be considered.","logger":"airflow.example_dags.plugins.workday","filename":"workday.py","lineno":41}
{"timestamp":"2026-04-21T13:02:08.113778Z","level":"info","event":"DAG bundles loaded: dags-folder, example_dags","logger":"airflow.dag_processing.bundles.manager.DagBundlesManager","filename":"manager.py","lineno":179}
{"timestamp":"2026-04-21T13:02:08.115222Z","level":"info","event":"Filling up the DagBag from /Users/guptaaryan/Downloads/IS3107_G4/airflow_standalone/dags/live_data_dag.py","logger":"airflow.models.dagbag.BundleDagBag","filename":"dagbag.py","lineno":593}
{"timestamp":"2026-04-21T13:02:08.140529Z","level":"warning","event":"The `airflow.decorators.dag` attribute is deprecated. Please use `'airflow.sdk.dag'`.","category":"DeprecatedImportWarning","filename":"/Users/guptaaryan/Downloads/IS3107_G4/airflow_standalone/dags/live_data_dag.py","lineno":12,"logger":"py.warnings"}
{"timestamp":"2026-04-21T13:02:08.140609Z","level":"warning","event":"The `airflow.decorators.task` attribute is deprecated. Please use `'airflow.sdk.task'`.","category":"DeprecatedImportWarning","filename":"/Users/guptaaryan/Downloads/IS3107_G4/airflow_standalone/dags/live_data_dag.py","lineno":12,"logger":"py.warnings"}
{"timestamp":"2026-04-21T13:02:08.155827Z","level":"info","event":"Task instance is in running state","logger":"task.stdout"}
{"timestamp":"2026-04-21T13:02:08.155917Z","level":"info","event":" Previous state of the Task instance: TaskInstanceState.QUEUED","logger":"task.stdout"}
{"timestamp":"2026-04-21T13:02:08.156098Z","level":"info","event":"Current task name:stream_and_infer","logger":"task.stdout"}
{"timestamp":"2026-04-21T13:02:08.156145Z","level":"info","event":"Dag name:lichess_live_data_simple","logger":"task.stdout"}
{"timestamp":"2026-04-21T13:02:09.913451Z","level":"info","event":"Game header loaded game_id=W7WzBojo","logger":"unusual_prefix_88d25a47c3f9897f957fc7c6cf491d6742b1a78a_live_data_dag","filename":"live_data_dag.py","lineno":163}
{"timestamp":"2026-04-21T13:02:11.565375Z","level":"info","event":"turn=None move=None side=black ml={'value_1': 0.12, 'value_2': 0.73, 'value_3': 0.15}","logger":"unusual_prefix_88d25a47c3f9897f957fc7c6cf491d6742b1a78a_live_data_dag","filename":"live_data_dag.py","lineno":171}
{"timestamp":"2026-04-21T13:02:13.292615Z","level":"info","event":"turn=None move=d2d4 side=black ml={'value_1': 0.12, 'value_2': 0.73, 'value_3': 0.15}","logger":"unusual_prefix_88d25a47c3f9897f957fc7c6cf491d6742b1a78a_live_data_dag","filename":"live_data_dag.py","lineno":171}
{"timestamp":"2026-04-21T13:02:15.142931Z","level":"info","event":"turn=None move=g8f6 side=black ml={'value_1': 0.12, 'value_2': 0.73, 'value_3': 0.15}","logger":"unusual_prefix_88d25a47c3f9897f957fc7c6cf491d6742b1a78a_live_data_dag","filename":"live_data_dag.py","lineno":171}
{"timestamp":"2026-04-21T13:02:16.653211Z","level":"info","event":"turn=None move=g1f3 side=black ml={'value_1': 0.12, 'value_2': 0.73, 'value_3': 0.15}","logger":"unusual_prefix_88d25a47c3f9897f957fc7c6cf491d6742b1a78a_live_data_dag","filename":"live_data_dag.py","lineno":171}
{"timestamp":"2026-04-21T13:02:18.391448Z","level":"info","event":"turn=None move=g7g6 side=black ml={'value_1': 0.12, 'value_2': 0.73, 'value_3': 0.15}","logger":"unusual_prefix_88d25a47c3f9897f957fc7c6cf491d6742b1a78a_live_data_dag","filename":"live_data_dag.py","lineno":171}
{"timestamp":"2026-04-21T13:02:19.865235Z","level":"info","event":"turn=None move=c2c4 side=black ml={'value_1': 0.12, 'value_2': 0.73, 'value_3': 0.15}","logger":"unusual_prefix_88d25a47c3f9897f957fc7c6cf491d6742b1a78a_live_data_dag","filename":"live_data_dag.py","lineno":171}
{"timestamp":"2026-04-21T13:02:21.693957Z","level":"info","event":"turn=None move=f8g7 side=black ml={'value_1': 0.12, 'value_2': 0.73, 'value_3': 0.15}","logger":"unusual_prefix_88d25a47c3f9897f957fc7c6cf491d6742b1a78a_live_data_dag","filename":"live_data_dag.py","lineno":171}
{"timestamp":"2026-04-21T13:02:23.212850Z","level":"info","event":"turn=None move=b1c3 side=black ml={'value_1': 0.12, 'value_2': 0.73, 'value_3': 0.15}","logger":"unusual_prefix_88d25a47c3f9897f957fc7c6cf491d6742b1a78a_live_data_dag","filename":"live_data_dag.py","lineno":171}
{"timestamp":"2026-04-21T13:02:24.949609Z","level":"info","event":"turn=None move=d7d5 side=black ml={'value_1': 0.12, 'value_2': 0.73, 'value_3': 0.15}","logger":"unusual_prefix_88d25a47c3f9897f957fc7c6cf491d6742b1a78a_live_data_dag","filename":"live_data_dag.py","lineno":171}
{"timestamp":"2026-04-21T13:02:26.604549Z","level":"info","event":"turn=None move=c4d5 side=black ml={'value_1': 0.12, 'value_2': 0.73, 'value_3': 0.15}","logger":"unusual_prefix_88d25a47c3f9897f957fc7c6cf491d6742b1a78a_live_data_dag","filename":"live_data_dag.py","lineno":171}
{"timestamp":"2026-04-21T13:02:28.091978Z","level":"info","event":"turn=None move=f6d5 side=black ml={'value_1': 0.12, 'value_2': 0.73, 'value_3': 0.15}","logger":"unusual_prefix_88d25a47c3f9897f957fc7c6cf491d6742b1a78a_live_data_dag","filename":"live_data_dag.py","lineno":171}
{"timestamp":"2026-04-21T13:02:29.678304Z","level":"info","event":"turn=None move=e2e4 side=black ml={'value_1': 0.12, 'value_2': 0.73, 'value_3': 0.15}","logger":"unusual_prefix_88d25a47c3f9897f957fc7c6cf491d6742b1a78a_live_data_dag","filename":"live_data_dag.py","lineno":171}
{"timestamp":"2026-04-21T13:02:31.366674Z","level":"info","event":"turn=None move=d5c3 side=black ml={'value_1': 0.12, 'value_2': 0.73, 'value_3': 0.15}","logger":"unusual_prefix_88d25a47c3f9897f957fc7c6cf491d6742b1a78a_live_data_dag","filename":"live_data_dag.py","lineno":171}
{"timestamp":"2026-04-21T13:02:32.961465Z","level":"info","event":"turn=None move=b2c3 side=black ml={'value_1': 0.12, 'value_2': 0.73, 'value_3': 0.15}","logger":"unusual_prefix_88d25a47c3f9897f957fc7c6cf491d6742b1a78a_live_data_dag","filename":"live_data_dag.py","lineno":171}
{"timestamp":"2026-04-21T13:02:34.695745Z","level":"info","event":"turn=None move=c7c5 side=black ml={'value_1': 0.12, 'value_2': 0.73, 'value_3': 0.15}","logger":"unusual_prefix_88d25a47c3f9897f957fc7c6cf491d6742b1a78a_live_data_dag","filename":"live_data_dag.py","lineno":171}
{"timestamp":"2026-04-21T13:05:45.274662Z","level":"info","event":"turn=None move=f1c4 side=black ml={'value_1': 0.12, 'value_2': 0.73, 'value_3': 0.15}","logger":"unusual_prefix_88d25a47c3f9897f957fc7c6cf491d6742b1a78a_live_data_dag","filename":"live_data_dag.py","lineno":171}
{"timestamp":"2026-04-21T13:06:21.964208Z","level":"info","event":"turn=None move=b8c6 side=black ml={'value_1': 0.12, 'value_2': 0.73, 'value_3': 0.15}","logger":"unusual_prefix_88d25a47c3f9897f957fc7c6cf491d6742b1a78a_live_data_dag","filename":"live_data_dag.py","lineno":171}
{"timestamp":"2026-04-21T13:08:01.455187Z","level":"info","event":"turn=None move=c1e3 side=black ml={'value_1': 0.12, 'value_2': 0.73, 'value_3': 0.15}","logger":"unusual_prefix_88d25a47c3f9897f957fc7c6cf491d6742b1a78a_live_data_dag","filename":"live_data_dag.py","lineno":171}
{"timestamp":"2026-04-21T13:08:09.550589Z","level":"info","event":"turn=None move=c8g4 side=black ml={'value_1': 0.12, 'value_2': 0.73, 'value_3': 0.15}","logger":"unusual_prefix_88d25a47c3f9897f957fc7c6cf491d6742b1a78a_live_data_dag","filename":"live_data_dag.py","lineno":171}
{"timestamp":"2026-04-21T13:08:28.243137Z","level":"info","event":"turn=None move=c4f7 side=black ml={'value_1': 0.12, 'value_2': 0.73, 'value_3': 0.15}","logger":"unusual_prefix_88d25a47c3f9897f957fc7c6cf491d6742b1a78a_live_data_dag","filename":"live_data_dag.py","lineno":171}
{"timestamp":"2026-04-21T13:08:38.754390Z","level":"info","event":"turn=None move=e8f7 side=black ml={'value_1': 0.12, 'value_2': 0.73, 'value_3': 0.15}","logger":"unusual_prefix_88d25a47c3f9897f957fc7c6cf491d6742b1a78a_live_data_dag","filename":"live_data_dag.py","lineno":171}
{"timestamp":"2026-04-21T13:08:51.353981Z","level":"error","event":"Process terminated by signal. For more information, see https://airflow.apache.org/docs/apache-airflow/stable/troubleshooting.html#process-terminated-by-signal.","signal":-2,"signal_name":"SIGINT","logger":"task"}
