{"timestamp":"2026-04-21T13:11:38.422301Z","level":"warning","event":"Could not import pandas. Holidays will not be considered.","logger":"airflow.example_dags.plugins.workday","filename":"workday.py","lineno":41}
{"timestamp":"2026-04-21T13:11:38.435352Z","level":"info","event":"DAG bundles loaded: dags-folder, example_dags","logger":"airflow.dag_processing.bundles.manager.DagBundlesManager","filename":"manager.py","lineno":179}
{"timestamp":"2026-04-21T13:11:38.436249Z","level":"info","event":"Filling up the DagBag from /Users/guptaaryan/Downloads/IS3107_G4/airflow_standalone/dags/live_data_dag.py","logger":"airflow.models.dagbag.BundleDagBag","filename":"dagbag.py","lineno":593}
{"timestamp":"2026-04-21T13:11:38.467708Z","level":"warning","event":"The `airflow.decorators.dag` attribute is deprecated. Please use `'airflow.sdk.dag'`.","category":"DeprecatedImportWarning","filename":"/Users/guptaaryan/Downloads/IS3107_G4/airflow_standalone/dags/live_data_dag.py","lineno":12,"logger":"py.warnings"}
{"timestamp":"2026-04-21T13:11:38.467775Z","level":"warning","event":"The `airflow.decorators.task` attribute is deprecated. Please use `'airflow.sdk.task'`.","category":"DeprecatedImportWarning","filename":"/Users/guptaaryan/Downloads/IS3107_G4/airflow_standalone/dags/live_data_dag.py","lineno":12,"logger":"py.warnings"}
{"timestamp":"2026-04-21T13:11:38.563367Z","level":"info","event":"Task instance is in running state","logger":"task.stdout"}
{"timestamp":"2026-04-21T13:11:38.563460Z","level":"info","event":" Previous state of the Task instance: TaskInstanceState.QUEUED","logger":"task.stdout"}
{"timestamp":"2026-04-21T13:11:38.563855Z","level":"info","event":"Current task name:stream_and_infer","logger":"task.stdout"}
{"timestamp":"2026-04-21T13:11:38.563900Z","level":"info","event":"Dag name:lichess_live_data_simple","logger":"task.stdout"}
{"timestamp":"2026-04-21T13:11:40.094499Z","level":"info","event":"Game header loaded game_id=W7WzBojo","logger":"unusual_prefix_88d25a47c3f9897f957fc7c6cf491d6742b1a78a_live_data_dag","filename":"live_data_dag.py","lineno":166}
{"timestamp":"2026-04-21T13:11:40.853000Z","level":"info","event":"turn=1 move=None side=w ml={'value_1': 0.12, 'value_2': 0.73, 'value_3': 0.15}","logger":"unusual_prefix_88d25a47c3f9897f957fc7c6cf491d6742b1a78a_live_data_dag","filename":"live_data_dag.py","lineno":175}
{"timestamp":"2026-04-21T13:11:41.578986Z","level":"info","event":"turn=1 move=d2d4 side=b ml={'value_1': 0.12, 'value_2': 0.73, 'value_3': 0.15}","logger":"unusual_prefix_88d25a47c3f9897f957fc7c6cf491d6742b1a78a_live_data_dag","filename":"live_data_dag.py","lineno":175}
{"timestamp":"2026-04-21T13:11:43.088655Z","level":"info","event":"turn=2 move=g8f6 side=w ml={'value_1': 0.12, 'value_2': 0.73, 'value_3': 0.15}","logger":"unusual_prefix_88d25a47c3f9897f957fc7c6cf491d6742b1a78a_live_data_dag","filename":"live_data_dag.py","lineno":175}
{"timestamp":"2026-04-21T13:11:44.587345Z","level":"info","event":"turn=2 move=g1f3 side=b ml={'value_1': 0.12, 'value_2': 0.73, 'value_3': 0.15}","logger":"unusual_prefix_88d25a47c3f9897f957fc7c6cf491d6742b1a78a_live_data_dag","filename":"live_data_dag.py","lineno":175}
{"timestamp":"2026-04-21T13:11:46.092903Z","level":"info","event":"turn=3 move=g7g6 side=w ml={'value_1': 0.12, 'value_2': 0.73, 'value_3': 0.15}","logger":"unusual_prefix_88d25a47c3f9897f957fc7c6cf491d6742b1a78a_live_data_dag","filename":"live_data_dag.py","lineno":175}
{"timestamp":"2026-04-21T13:11:47.560717Z","level":"info","event":"turn=3 move=c2c4 side=b ml={'value_1': 0.12, 'value_2': 0.73, 'value_3': 0.15}","logger":"unusual_prefix_88d25a47c3f9897f957fc7c6cf491d6742b1a78a_live_data_dag","filename":"live_data_dag.py","lineno":175}
{"timestamp":"2026-04-21T13:11:49.074545Z","level":"info","event":"turn=4 move=f8g7 side=w ml={'value_1': 0.12, 'value_2': 0.73, 'value_3': 0.15}","logger":"unusual_prefix_88d25a47c3f9897f957fc7c6cf491d6742b1a78a_live_data_dag","filename":"live_data_dag.py","lineno":175}
{"timestamp":"2026-04-21T13:11:50.642048Z","level":"info","event":"turn=4 move=b1c3 side=b ml={'value_1': 0.12, 'value_2': 0.73, 'value_3': 0.15}","logger":"unusual_prefix_88d25a47c3f9897f957fc7c6cf491d6742b1a78a_live_data_dag","filename":"live_data_dag.py","lineno":175}
{"timestamp":"2026-04-21T13:11:52.143962Z","level":"info","event":"turn=5 move=d7d5 side=w ml={'value_1': 0.12, 'value_2': 0.73, 'value_3': 0.15}","logger":"unusual_prefix_88d25a47c3f9897f957fc7c6cf491d6742b1a78a_live_data_dag","filename":"live_data_dag.py","lineno":175}
{"timestamp":"2026-04-21T13:11:53.670649Z","level":"info","event":"turn=5 move=c4d5 side=b ml={'value_1': 0.12, 'value_2': 0.73, 'value_3': 0.15}","logger":"unusual_prefix_88d25a47c3f9897f957fc7c6cf491d6742b1a78a_live_data_dag","filename":"live_data_dag.py","lineno":175}
{"timestamp":"2026-04-21T13:11:55.236543Z","level":"info","event":"turn=6 move=f6d5 side=w ml={'value_1': 0.12, 'value_2': 0.73, 'value_3': 0.15}","logger":"unusual_prefix_88d25a47c3f9897f957fc7c6cf491d6742b1a78a_live_data_dag","filename":"live_data_dag.py","lineno":175}
{"timestamp":"2026-04-21T13:11:56.928047Z","level":"info","event":"turn=6 move=e2e4 side=b ml={'value_1': 0.12, 'value_2': 0.73, 'value_3': 0.15}","logger":"unusual_prefix_88d25a47c3f9897f957fc7c6cf491d6742b1a78a_live_data_dag","filename":"live_data_dag.py","lineno":175}
{"timestamp":"2026-04-21T13:11:58.461993Z","level":"info","event":"turn=7 move=d5c3 side=w ml={'value_1': 0.12, 'value_2': 0.73, 'value_3': 0.15}","logger":"unusual_prefix_88d25a47c3f9897f957fc7c6cf491d6742b1a78a_live_data_dag","filename":"live_data_dag.py","lineno":175}
{"timestamp":"2026-04-21T13:11:59.961852Z","level":"info","event":"turn=7 move=b2c3 side=b ml={'value_1': 0.12, 'value_2': 0.73, 'value_3': 0.15}","logger":"unusual_prefix_88d25a47c3f9897f957fc7c6cf491d6742b1a78a_live_data_dag","filename":"live_data_dag.py","lineno":175}
{"timestamp":"2026-04-21T13:12:01.491836Z","level":"info","event":"turn=8 move=c7c5 side=w ml={'value_1': 0.12, 'value_2': 0.73, 'value_3': 0.15}","logger":"unusual_prefix_88d25a47c3f9897f957fc7c6cf491d6742b1a78a_live_data_dag","filename":"live_data_dag.py","lineno":175}
{"timestamp":"2026-04-21T13:12:02.978558Z","level":"info","event":"turn=8 move=f1c4 side=b ml={'value_1': 0.12, 'value_2': 0.73, 'value_3': 0.15}","logger":"unusual_prefix_88d25a47c3f9897f957fc7c6cf491d6742b1a78a_live_data_dag","filename":"live_data_dag.py","lineno":175}
{"timestamp":"2026-04-21T13:12:04.570612Z","level":"info","event":"turn=9 move=b8c6 side=w ml={'value_1': 0.12, 'value_2': 0.73, 'value_3': 0.15}","logger":"unusual_prefix_88d25a47c3f9897f957fc7c6cf491d6742b1a78a_live_data_dag","filename":"live_data_dag.py","lineno":175}
{"timestamp":"2026-04-21T13:12:06.221406Z","level":"info","event":"turn=9 move=c1e3 side=b ml={'value_1': 0.12, 'value_2': 0.73, 'value_3': 0.15}","logger":"unusual_prefix_88d25a47c3f9897f957fc7c6cf491d6742b1a78a_live_data_dag","filename":"live_data_dag.py","lineno":175}
{"timestamp":"2026-04-21T13:12:06.957371Z","level":"info","event":"turn=10 move=c8g4 side=w ml={'value_1': 0.12, 'value_2': 0.73, 'value_3': 0.15}","logger":"unusual_prefix_88d25a47c3f9897f957fc7c6cf491d6742b1a78a_live_data_dag","filename":"live_data_dag.py","lineno":175}
{"timestamp":"2026-04-21T13:12:08.456513Z","level":"info","event":"turn=10 move=c4f7 side=b ml={'value_1': 0.12, 'value_2': 0.73, 'value_3': 0.15}","logger":"unusual_prefix_88d25a47c3f9897f957fc7c6cf491d6742b1a78a_live_data_dag","filename":"live_data_dag.py","lineno":175}
{"timestamp":"2026-04-21T13:12:09.267391Z","level":"info","event":"turn=11 move=e8f7 side=w ml={'value_1': 0.12, 'value_2': 0.73, 'value_3': 0.15}","logger":"unusual_prefix_88d25a47c3f9897f957fc7c6cf491d6742b1a78a_live_data_dag","filename":"live_data_dag.py","lineno":175}
{"timestamp":"2026-04-21T13:12:10.778942Z","level":"info","event":"turn=11 move=f3g5 side=b ml={'value_1': 0.12, 'value_2': 0.73, 'value_3': 0.15}","logger":"unusual_prefix_88d25a47c3f9897f957fc7c6cf491d6742b1a78a_live_data_dag","filename":"live_data_dag.py","lineno":175}
{"timestamp":"2026-04-21T13:12:12.333619Z","level":"info","event":"turn=12 move=f7e8 side=w ml={'value_1': 0.12, 'value_2': 0.73, 'value_3': 0.15}","logger":"unusual_prefix_88d25a47c3f9897f957fc7c6cf491d6742b1a78a_live_data_dag","filename":"live_data_dag.py","lineno":175}
{"timestamp":"2026-04-21T13:12:13.835133Z","level":"info","event":"turn=12 move=d1g4 side=b ml={'value_1': 0.12, 'value_2': 0.73, 'value_3': 0.15}","logger":"unusual_prefix_88d25a47c3f9897f957fc7c6cf491d6742b1a78a_live_data_dag","filename":"live_data_dag.py","lineno":175}
{"timestamp":"2026-04-21T13:12:15.328736Z","level":"info","event":"turn=13 move=d8c8 side=w ml={'value_1': 0.12, 'value_2': 0.73, 'value_3': 0.15}","logger":"unusual_prefix_88d25a47c3f9897f957fc7c6cf491d6742b1a78a_live_data_dag","filename":"live_data_dag.py","lineno":175}
{"timestamp":"2026-04-21T13:12:16.096082Z","level":"info","event":"turn=13 move=g4c8 side=b ml={'value_1': 0.12, 'value_2': 0.73, 'value_3': 0.15}","logger":"unusual_prefix_88d25a47c3f9897f957fc7c6cf491d6742b1a78a_live_data_dag","filename":"live_data_dag.py","lineno":175}
{"timestamp":"2026-04-21T13:12:18.046396Z","level":"info","event":"turn=14 move=a8c8 side=w ml={'value_1': 0.12, 'value_2': 0.73, 'value_3': 0.15}","logger":"unusual_prefix_88d25a47c3f9897f957fc7c6cf491d6742b1a78a_live_data_dag","filename":"live_data_dag.py","lineno":175}
{"timestamp":"2026-04-21T13:12:19.530616Z","level":"info","event":"turn=14 move=g5e6 side=b ml={'value_1': 0.12, 'value_2': 0.73, 'value_3': 0.15}","logger":"unusual_prefix_88d25a47c3f9897f957fc7c6cf491d6742b1a78a_live_data_dag","filename":"live_data_dag.py","lineno":175}
{"timestamp":"2026-04-21T13:12:28.862576Z","level":"info","event":"turn=15 move=c5d4 side=w ml={'value_1': 0.12, 'value_2': 0.73, 'value_3': 0.15}","logger":"unusual_prefix_88d25a47c3f9897f957fc7c6cf491d6742b1a78a_live_data_dag","filename":"live_data_dag.py","lineno":175}
{"timestamp":"2026-04-21T13:12:31.390888Z","level":"info","event":"turn=15 move=e6g7 side=b ml={'value_1': 0.12, 'value_2': 0.73, 'value_3': 0.15}","logger":"unusual_prefix_88d25a47c3f9897f957fc7c6cf491d6742b1a78a_live_data_dag","filename":"live_data_dag.py","lineno":175}
{"timestamp":"2026-04-21T13:12:37.029746Z","level":"info","event":"turn=16 move=e8f7 side=w ml={'value_1': 0.12, 'value_2': 0.73, 'value_3': 0.15}","logger":"unusual_prefix_88d25a47c3f9897f957fc7c6cf491d6742b1a78a_live_data_dag","filename":"live_data_dag.py","lineno":175}
{"timestamp":"2026-04-21T13:12:53.946653Z","level":"error","event":"Process terminated by signal. For more information, see https://airflow.apache.org/docs/apache-airflow/stable/troubleshooting.html#process-terminated-by-signal.","signal":-2,"signal_name":"SIGINT","logger":"task"}
